0013KILLER
0016JS6089
001BlackDuck
001India
002SHARKY002
0047F21B
004BA67A
004J8FHR
0055DOGS
005BOROS
005poprolyaT
007&Flin
007Hatake
007huutjE
007Speci
007SPIKE
007Twine
007Viking$007
007Wieng
007Wiepom
007XYZ2005
0099Yohomy
hamamessi
00bRbR00in
00CrazyW
00dauheZ
00Dinder
00Gear00
00Gr3CcE8400
00HACK00
00HALLO00
00HaLlOdU00
00Maniac
00Mapfre
00Monica
00Outdoo
00poloG0
00RgRg00
00TenchU00
00thuAa29
00Thym1k0n
00THYxxz8
00un1Dead
00WINKY00
0103Vamp
0108Jarnagard
010KCl7528
0110Peace
0110ZXBu
0113Lliz
0121do1George
0123QWER
012Arda123
0152BRAMcor
017iJSS221
0190Weinhold
01AOUT67
01Bullet1
01Dak0ta
01eK9cZ675
01Gregory
01Houritis
01Hummel
01JAnuary*^
01joonasP02
01Link05
01miasmA10
01Mongoose
01OneTime
01q9fTK426
01QEIvr887
01Richie
01Soldat
01Soldats
01Succes
01Target
01Zedekiah
0206.SEVmoi
021KALERA
0220LiFe
0225WW0225
022DSV19
025ExHaku
02Acurar
02Ba07Cm06
02FatB0y
02Firehead
02holNs8
02le@der$hIP
02Mallick
02Mick10
02Richar
02S1983G
02Taurus
02TDfy5634
02Toby02
02Tundra
02USRGL977
0302Liebe
031kKs49
0322Flor
035NRPtzR
036JCoon
03AoPrT5
03B1ng001
03CHARLI
03GmSec8
03GOAN08
03I51cGiM
03July1985
03Sep2007
03tvDUy5
03ZNcRZX
0422Xanadu
0451eduD
04aoAtE198
04Aug07@
04DAKOTA
04FCschalke
04Gh0504
04HDfatboy
04HDvrod
04McGlew
04NATALI
04Tralablast05
04WUBZY293
0503Hansen
0503Vera92
05Apo12Blade
05aRYa08
05Dracul
05Dtrade06
05Hayabusa
05M11A88
05Pole0289
05Venom1
05vusfV419
0609CHAMP
06Allan1283
06ChelMc
06Deutsc
06FevrieR
06ioBBD485
06Juin1944
06Lancer
06Magpies
06MooreG
06Mustan
06N1PWns
0702vhqBH
0703Emma
0708Jonas
0708JonasCharlie
0708Marlon
0709JACOB
0724JAde
0725I99o
073QfR23
073Weber073
07Apples
07arunFx
07AZa0zJ
07Bentley
07Boomer
07bpRGW196
07Carlos
07Death1
07eLf1975s
07FearmE
07Maart1987
07Manifest66
07Nightrain
07NOV1966
07RR95D368
07Sani84
07sTpFZ915
07TVBFG4
07xmX827
07Zo8kbL
0801MISTER
0810Fede
0847TT08
088as5689Dos
08Ashole
08BattlefielD
08Dakota
08Dec1989
08FEV1986
08GO7SB375
08Monster
08Mvd@34
08Newueser
08NiNja02
08oHgo1872
08s11N02
08sATqn852
08TDot416
08TYSce843
08ZEROEIGHT08
0909Pound
0910Queena
0910Transfer
0918Rheenen
098qwZCB
099waLLl
09A5MUCO
09alenMF
09ALICIA
09asdF01
09AshCar
09AVRIL1983
09Castro
09Eagles
09FARINE
09GameLager
09Ka0f8114
09M1lz106
09March1
09Mutterlieb3
09pKhzN537
09Spectre
09Szyp71
09V9UWL9
0A14alzz
0A25KGK97
0aCL7hIB
0aDGoz6821
0Adracula0A
0Amjith0
0AQWZSXEDC
0Ax2DVb925
0Battle-hero7
0Bl1v10n
0BledP1r
0blivioN
0Bo$ton0
0Bou08fe
0BruN224
0bteAap1
0bvwtHqK
0ceanBlu
0cfA2H01
0CH029A1
0CIDTBO7
0cstaart2O
0cXRkjW716
0d0ll7K6
0dA5qMo3qd
0DDity04
0dDVfzA395
0dzH4KU869
0e3enTm3
0Effect1
0EjDHjc4
0Ep4s58b
0ERNPIF0
0Fa9um8d
0Fbzx1t2
0fFiC3|7
0ffSpring43v3r
0fimrlO5
0fRh75B4
/0g1t#cH
0Garion0
0GcaCaX335
0gcVHag426
0gF15RC812
0GIV7d4277
0gJBS1C7
0GoLumesT
0goVBtX162
0Gravity
0Great61
0H1OoYe696
0h7ouK7232
0h7ZAsk9
0h7ZAsk929
0Hanlon1
0HaxYes1
0heC4xy1
0HelHorn0
0Himalaya
0hIwA2hL
0Hooxagods
0I9HPXX5
0Ibrahim
0IeEX4B3
0IG94gG583
0IGPVG3355
0IQDgNo858
0J46tJA891
0J7X7862
0jcffEL912
0jessieD
0JFGJFG0
0JRSEXY951
0k5PW2ta
0kithxbyE
0KoSwob2
0KOUtCQe
0KYjzOD7
0LEN8CB237
0LONf091
0LwEB9L471
0LWkuC71
0lwlBvS6
0m479Ow5
0m4YXs67d034
0marAndr
$0mBrer0
0mdRWPF685
0megaMod
0mGanesh
0mgL0LWh00ps
0mgwtfbbQ
0mgWTFdud3
0mnipOtec
0mNufJH418
0mTB6004
0N0i0g0h
0NeuroLock
0neWeak-
|0ng7iZ2
0NHHmZk559
0nL1N34L
0nlin3P3ng1
0nrkYgQ785
0ntheEdge
0O9i8u7y
0o9i8u&Y
0OhATqX355
0oIh1rvQUF
0OkEAcg715
0okm9ijN
0Okmnji9
0okm)OKM
0ok)OK0o
0ORE8Fm861
0owwmAx6
0p2tyOs599
0P3n535aM3
0p3nth3B0x
0p9o*I&U
0Penminded2
0penSesa
0Pertunitie$
0Ph77ui799
0PIcJIx491
0Pierre0
0pkp22D6
0Pportunity
0pro813mO
0PuzFGS498
0PvG7et212
0pwwKnA933
0PXcxe53
0Q7cHxH748
0Q9Er6z525
0qfzFrZ7
0qI4CFHu
0QkwufB4
0qkXnU9884
+0-Quella
0QviSkS343
0Qwerty9
0qzrbDfp
0r10n@BH
0r30M00s3
0r35p0U864
0r6ESbJ6
0R7EN8er6
0r9FRpm352
0randomTask1
0rang3r0ck3T
0Rangensaft
0Rch3str4
0Requiem
0riGinal
0RLKzvN586
0rnitHopter
0roaWia7
0RZiNtO715
0saKa217
0saW8zP346
0sbj2Tv195
0scarBun
0Securit
0Ser5Zu758
0SkaruleS0
0SsM4chT
0Superliver
0SZW9NT3
0TBUO2l165
0TcAalN439
0therL@nd3
0ToBitch
0tPCmuk498
0tybpZW7
0U1kmmS273
0uCI69a1
0udeKatje
0ui8Hxy3
0uJgFQG892
0ukTaVr456
0uUaAfg574
0v3rl0rD
0v3rSit3
0Verbose
0VLrOCY456
0vpzmDO7
0w1PuoMp
0WI85nd9
0x4s3O5e
0x9ZTwD818
0Xcalibr
0XXPsaI569
0Y81QnZ796
0YazQdA818
0Ygtbfkm
0Ylith75
0Z085I5Hn
0zD5FHZ699
0ZS3bVu189
0ZT9Ef3736
0ZzHLCn374
1001Saxo
1005Stef
100%Atheist
100Bronx
+100Chee
100%Crit
100FatBoys
100FUEGO
100Gigabytes
100Grand
100MONGO
100NAT23
100Reasons
100%Sexy
100Torte6
1010Imperial1010
1011JDax
1011Timo
1012POLA
1013Kris
101Cerbunit
101Reykj
101stADWW
101TRICSTER
1025.Holla5
1026Zwang
1027KDAG
102Oct83
103Br213
103Maple
103RY739
1056eaTT
1062IhwD
$107v908M
1080Avalanche
1080Sher
108Pepley
108Tintin
108W0lf5208
1093M1147
10Adam96
10AtLenhe
10Aug198
10b7Wgq639
10Base100
10BFonline01
10Billio
10Daysoff
10Dollars
10ESTher!2
10FOXY18
10Gaga01
10gBhotW
10Ger3kk4
10Hammers
10Heroes06
10Houghton
10K1a2K3a422
10kEsheB
10Killer
10kleineNeger
10Lanthe
10Lettmelk
10Lifeha
10MEI1946
10milLion
10nEngin
10Nissans
10Nov2008
10QPALzm
10Rralph
10Strings
10_Television
1100Sport
1101Cabzd
1101ecDC
1103SeLa
1108Astr
110O2o77
1122Heroes11
112B5X32
112Geder
112Sjekie
112Thanks112
1131EnzRomero
1133BEAR
1142Union
1146Mary
1156Bernt
115TV160
117SnowmaN
1191Park
119thMPCO
11Ackbld
11ALFIEeifla
11Aprilie
11Bailey
11Bandit
11BlackD0ts
11Connect
11Cynthi
11D23u82
11Depper
11Eeroft11
11FAAD11
11Frogs!
11GiZZo11
11Gofish
11Goku11
11Griggo
11Japan9
11Juni1991
11Karmel
11Kippen
11.Legion
11Lilacs
11LineDrawing
11MAY2008
11Monste
11Natpre
11nef47Ys
11PhIlIp02
11R0NO97
11Ronnie
11Sameer22
11Sarato
11Spooky
11Tasane
11UTDqo858
11Vanilla
11Yankee
11Yggdrasil11
11Yuukan
11yyPQw875
1200Curfews
1203RidgeRoad
1209QWOI
1209qwpoZM
1210Fl1N
1211Katse
1212Leelee
1215Gerard
1217Vinc3
1221RzHCa89
122Eagan
1230EMELY
123*456B
1234AAaa
1234abCD
1234Abcd
1234AbCd
1234AbCdE
1234abcdPS3
1234ABDE
1234ANNIEHUYNH
1234Appl
1234ASdf
1234Bria
1234Conn1234
1234Daniel
1234GoGo
1234Hams
1234ILOVEU
1234Inter
1234Kell
@@1234Qq
1234qweR
1234Qwer
1234QWER
1234qwerT
1234Scott
1234-Zehn
123A456a78
123A456b
123Aa123
123AB89b
123abcAB
123ABCDE
123ABCGP
123Aderthad
123Aggro
123Ambiel321
123AnderS
!@#123AS
123Asd123
123Asdfghjkl;'
123Aylin123
123BABYGIRL
123Bajas
123Baylo
123BH321
123BlodBlod
123Bob_Gear
123Caleb
123Camden
123Carlo
123CC200
123Cheech
123Chees
123Ch@nd
123Chore
123CLoCK1
123Cooper456
123CUTEMODEL
123dAn373
123Dancer12
123dAsCu007
123DERman
123DestroyDestro
123Dolcevita
123Dolly
123e3g345K
123EASTH
123Ecktisch
123Emiel
123ESEL789
123Esperto
123Floor
123Glatza456
123GoogleIsGood
123_GTA_123
123Guardian
123Gustchen123
123HAMSTER
123Hello
123HelloMe
123hJhJ753
123ILOVE
123Iloveme
123India
123IThks
123IThks123
123JACHOWNS
123Jahtay
123JESUS
123Joe456
123KISS123
123kOnradO123
123Kunju
123LAN456GARD
123laughHAHA
123Leetah123
123.LElapin
123LifeH
123lolPoP;
123LOVEYA
123MACONGMING
123Melbourne
123Metal
123Mnbvcxz
123Opeth
123OPmek12
123PANZERFAUST
123Parool123
123!Pass
123playwithM
123PLOOP
123pqweasdPH
1!2@3#qQ
123-.,QwE
123qwe123Q
123qweAS
123QWEas
123qweASD
123QWEasd
123Qweds
123.qwe.GUNIT
123qweQWE
123qweR4
123QWERT
123qwertyBAT
123Rina321
123ROCKS
123Rohlinge
123rubiconB
123SCENIC
123Scott
123SiLjE456
123SL7QS
123Soeinmist456
123Spela
123Spele
123Spill
123Stella
123Tansy
123TaTaT
123Timo123
123Tpro1
123Truk321
123Veskimaja321
123Volvo
123Vregelaar
123Welkom
123Wurzel-2
123wwaaH
123XD123
123xXx321
123YWpass
123Zankaboom
1240Juan
1244JoJo
124Albertt
124nAthAn
124SORRY
125QWERTY
1275HIF44
127SCOTT
1280rltM
128Zandren
1291Pascal
1296stephY
12A30B65C
12ABJIM12
12AlphA21
12amoreZ
12Andrew
12Ann34K
12ASDyxc
12AUG1974
12B56ter
12BAlint
12bDGDYE
12bigbanG
12buklSHOE
12cli67PS
12Consum
12CYBERflix34
12Dan638
12DEC1992
12December
12DragoN@@
12Ferrar_i
12FLoz35
12Gerhard
12gg87NN
12GhweriG
12Hadoke
12Hallo34
12Has0r34
12HighStreet
12Jobson
12JUFU5381
12Kafour
12Kevin34
12king12A
12Klipfisk
12Kumakun
12Lithium21
12Lordi-
12MAKAKOS
12MApapa
12Markus34
12Master34
12Merlin
12MICHEL
12Monkey
12Monkeys
12Moremo
12Nani04
12NewGame21
12noOse1
12Nqwo..
12Overflow
12panA90
12Parcel
12PC1989
12Perkele
12Piglet34
12Poiuyt
12QQ12WW
12Qrvata
!@12QWas
12!@QWas
12qwASZX
12QWaszx
12QWASzx
12#$qwER
12qw!@QW
12qwQWAS
12Regici
12Rimmel
12Sebastian
12Secure
12Skunky
12slEEp34
12Storer
12Sydney
12TAPONDOG
12Taurus89
12Tech90
12UCYTG8
12Walk34
12We20d3
12WHEEZE
12Whistler
12Whoppers
12Wie30N
12z3fNIK
12Zero34
1302Park
1303kSyc
1309Luki1996
1310Heroes
1311LR31
131KaAn0897
1324wWeR
1326Stupid
132DaN132
132Hello132
1337Amis
1337_Andi
1337B1tch
1337bfhT86
1337Bokuto
1337Drhin0
1337G@lors
1337HappyPlace
1337Hax0r
1337M0nk
1337Mill
1337Miller
1337Noodle
1337Outwar
1337Pally
1337Peanut
1337Peter
1337P@ssW0rd
1337Pwnz
1337Soup
1337Waffel
133T5p3@k
133tNinj
134mhaF9
1357Carr
1357SVHNiggo
135jJR42
135TL246
1366TaNks
1369Club
1379Asdf
1379tlKen
1397Man_Utd
13AFRIEDBERG
13B01P01
13cHa910
13ChuMaZ
13Clover
13Coldsteam
13CUNT13
13cvjRZ913
13Deahtman52
13Destro
13Downunder09
13Dragon69
13dreiZehn13
13Griver
13HIGHLA
13Jahre13
13KvarKar
13Ltvjhrfwbz2
13Ma11Pa78
13Marmit
13Mojo37
13Nafisa
13NairolF37
13Nozzy13
13Obelix!!
13oekentaS
13oozieC
13P08MpH
13Penney
1@3QEwasdZX
13Sept1956
13TaylorCres
13Thirte
13Tierney
13TONY02
13Turtles
13Vaude11
13Werter1992
13X13X13
1411Clay
1417Janh
1417Zeratul
1418ClasH
1421OPHAIN
142Hwy15
1430Mask
1430XMJW
143Carri
143Jenn@
143Marvin
143Monic
143Nobody
143SAMMY
1453bA387*
1455LK81N
146AbF679
146ATJMJT
146Dudley
147Elise
147Snook
1488FLFL
1489Signature
1492Sky4
14A39vsh
14amandA
14Andreas
14Austin
14BALLERINA14
14Cqlupi
14Dic1971
14FEB1966
14FEBruary
14Foxney
14Greenhill
14Hudson
14JdH2T942
14Jesus2
14m1r0nM4n
14?Niclas
14PsH419
14S02C88
14thMarch
14=Thoming
14tL24tW
14XPspeed
14Yawner
150aaRaLh
1511Koye
1520Samsung
1527A168
1552Nike
157G2iLp
1588MARC
1597Carlito
159Ahmed
159AQW753zsx
159kowalPL
15AQbZR1
15Bangor
15Cspl0142
15Fifteen
15Goddes
15Happiness
15Heroes71
15Ie2im4
15Julial
15July77
15LooZeR51
15Manson07
15Matthias05
15May1970
15orihcI
15Ratord
15Rockstar
15YxhDude
15Z9lEb346
1601liSa
1625Papi
163D60D3A2
1664POWA
1668Whit
166HANSOM
1684Klem
1687Dan*
16ColaBlikjes
16Florian
16Jasmin
16Machin
16MO0165
16Mondeo87
16NaP02Kr
16Niggas
16Tubby1
16UZzUe688
16Yama104
1700Neok
1710Bsc1994
1723BETT
1726Head
173e9aHP3c10Nov7
174Hd84#
1759West
1775USmc
1784Etjs
1789Rose
17Babfat86
17-BHXIDL
17eX17iT
17guBBar
17guBBarbeta
17Havaro
17Jenny64
17MFp0291
17n6FpN233
17Nov196
17O1Delt
17Rehana
17Suus09
17Walter03
17Warsaw
17Zulu17
1800E8F930
1800EatS
1812Jock
1816Kami
1823EL62
1832@Hawk
183FWang
1841Ga12
1854Ii009
1869Prod
186WdqZ755
187murD3r3r
*187Rapture
187Vegeta
188Huca79d
1892Ajax
1896_Hannoi
1896Rome
18ANPi67
18April1979
18Doodle18
18etnRED
18lU04gA
18November
18PEYTON
18S07Q89
18Sweetness21
18Undead
18Wheele
18YearsVok
1902HEGil
1906Tvil
1912Sw44
1915Queenie
1924Rayito
192Apple
1937DZ!!
1947ALBE
1949Florence
1949Ford
1956ELME
1957MAANAM
1958Jabro
1959Away
1960GOTTI
1960Hayes
1963Gizm
1964TAUI012
1966F100
1966Marc
1967Mu$t@Ng
1968Dart
1968DJBT41
1968@MjM
1969TERE
1970Anik
1970HEMI
1970Tuco
1972AZER
1972Happy
1973DATS
1974lirdyH
1975L120
1975NBHS
1975sept15TH
1976Elle
1976FREDELY
1976Ma77hias
1980Lion
1980Phillies
1981Beta
1981Hizz
1981METU
1981Wolf50
1982Gonzo
1982Henderson
1982Leon
1982LEXXLOKI
1982WANKer
1983Looser
1983Maccas
1983Steppe
1984AcuraTL
1984Olba
1984TEUBESC
1985Baca
1985Benc
1986Camaro
1986Mets
1986Supr
1987CJHe
1987Rol93
1988Dart
1988Jetta
1988South
1989Andrius
1989Arnhem
1989Arshi
1989FiXe28
1989Fodbold
1989Lizzie
1989TERA
1989Toyo
1991DOrci
1991Flodder
1991Grudzien
1991Jun29
1991MurphyLee
1991Piis
1991taxI
1992David31
1992DTdt14
1992Elden
1992jER=
1992Ricii
1993Geonna
1993Michi
1993REVERIE1993
1994David
1994Elli
1994FOX1
1994FX04
1994Kate
1994shinobiK
1994SWSW
1996Britt
1996Impa
1996May16
1997Claire
1997Horses
1998KK234
19AD00FA
19Angelface
1;9At6_C
19AuroN84
19Autumn66
19Avenge81
19Beatles62
19Beaver95
19BlackMail91
19bOOGIE86
19Boris20
19Bort80
19Boulde
19Chevelle68
19Clansman62
19Doroth
19Elliot
19Enterp
19Everet
19Fitto79
19Flocci
19Flocci86
19FordMustang67
19Frogma
19Fuckus91
19GpaSg2
19Harvey
19iepSS6
19INFEA86
19Jenell
19Jlr28as
19KILO10
19Klemi72
19LAlr90
19LgW9g167
19M18n17
19MaRiE25
19MasteR69
19Mats$6
19Mazdat88
19Monster81
19Moochi
19Mustang
19Mustang67
19n8Ouc5
19Nawrik96
19onYx89
19Pa70Ji
19PINE1955
19Presto
19ReFox68
19Star91
19T0RAG93
19Thomas
19ts2XpG7
19uzpp4bKU
19Warlord20
19Wheels
1A12B123C4321
1a1a1a1A
1a1A2b3C5e
1A2B3C321
1a2b3c4D
1a2B3c4D
1A2b3c4d
1A2B3C4D
1A2b3c4d5e
1A2b3G0p
1a2l3e4xA
1a2szXczXc
1A2Z3e4r
1A2Z3E4R
1A4t1Ve8
1a87S349
1aaAAaa1
1AakEIh8
1Aasdfgh
1aBc4IfI
1Ac4ivV1
1ADONAIe
1aEqzYn1
1Afrika2
1ag0npYCF
1Aio6b9zrP
1AiraM69
1AirsofT1
1Ajistheman
1Alexander
1Alfa4Romeo7
1ambalayA
1amcowWILLrulz
1amG00nEr
1Andrew1z
1Anniw0rld1
1Anonymo
1AoEOsT8
1Applepie2
#1Apples
1AQW2ZSX
1AQW2ZSX3EDC
1Arcligh
1a@S3e4r5t
1Assword
1Asterix2
1Attack&
1.August1848
1Austral
1axjLYT145
@1b47xtL
1BABADEDA.
1BABYGURL
1Baggins
1Bailey!
#1Baller
1Ballet1
1BAnana2
1bAnd1t47
1Barsch2
1BastarD
1Battle2
1Battlefield
1Bc29kL61R
1Beatles
1beDuseY
1Berklee
1Berlin3
1bgran5D2
1bHauke2z
1BigPass
1BIGsulk
1Bigtuna
1B@lloon
1Bloodann2
1bloodlusT
1BMatBH1
1BOBBYbobby
1Bojan3.
1Botswan
1Bouncer
1Breathe
1Brittany
1Broxius1
1BRUSTERS
1BT3Zn5215
1bUbybIn
1Buitenbaan
1Bullmoo
1BureK23
1Burritos
1buttplugsAS
1BuzzieW
1Bwmwhwbz
1Bythea85
1C0br974
1C48KL7T98M3
1!Calvin
1Camille
1Canada_
1CanebagnatO1
1Captain@123
1CATDOG1
1CBCtech
1CEblade
1CEman1ac
1CHA3kp1
1CHARLES
1Charlie1
1CheshireCatGrin
1Chewiepie
@1Chicago@1
1Chickenspot
#1Chief$
1Cisler1
1CituZuJ
1Cleanlife4me
1Collect
1Colorad
1Comment
1coolGLI
1Coolzip
1cOOper1
1Cor1313
1Cor1533
1Corinth12
1Corsair
1CORVETT
1Cr3am3r
1Creampi
1CRMPROD1
1CRONICS1
1Curtis4
1Cv9030n
1CYAGBY779
1C@yate25
1D0ntc4r3
1D1scove
1D2c3B4ar
1daCrash
1DANIELLE
1Darkness
1Darknig
1darth2Zan
1DAve107
1Death4s
1Death4sl
1Degobo1
1Destiny
1dh8Hwd735
1Dhc1981
1Diabalo5
1Disciple
1dL0m0l574
#1DOGBENNY
1Dogtown
1Donavan
1Dorothy!
1Drasnia
1Drink2Many
1drongo4ME
1Drunk42
1DsUCo74
1Dylwyld
1Dzokyp5
1e2LL9j236
1E3r25r172
1earn2bG
1EATN93Q
1EbHiTL497
1ECHQKb5
1Eclipse
1EeEIek241
1EER08h451
1efteR123
1eGBdfa2
1eggkkL!
1EGMht4EsZ
1Ehingen2
1Eliana1
1EllaMac
1ellerandEt
1Enimsaj
1eSH7Tx143
1eThan06
1Eugenia
1EUj3i7y
1Ewp4Wb8
1Executi
1eyeJack
1f1WByw347
1Fartlek
#1FashionGirl
1fazBABw
1FCkoeln
1FeNIKS2
1FGs4gb643
1FilthyWhore
1FineDay
1Firemanisback
1Fish2Fish
1floORal
1Flubber
1FN0qtr9
1fO2BRE831
1Forfood
1forLife
1FpTJTl919
1FREAKERS
1FreshGyal
1Freshma
1Frostmo
1Fuckyou
1Fumoffu
1FXW6NQV
1g0K5oz421
1G0ldM3d4l
1Gallant
1Gammagam
1Gardeni
1Gargoyle2
1Gawker!
1GbQ6jA519
1GBVgbv1
1General
1GHARITOS
1Ghblehrb
1GIBLETS
1Gilford
1GirafGame
1Gladius
1GlasMelk
1gnigmaS
1GnupunG
1GODlead
1Godlove
1GODRULES
1GodsLov
1.Gogodzila
1Goodjob
1gra02FD
1Grandma!
1greenBo
#1Gremlin
#1GRIFFI
1Grishnack
1Guitar*
1GW307O552
1H2E3R4O
1h5o697BH
1H7d9OL635
1H8C0mpu
1Habakuk
1Hamburger
1HappyDa
1HappyDo
1HAPPYMETAL
1HateEV1
1hB8PPF996
1headinGto8
1Hearty26
1Heavenzz
1Hellfire
1Helsingborg
1heroesAsus1
1Hickman
1Hitachi
1hmQ7lk584
1Hodunk2
1Hondisdood
1Hotmail
1Hpotter
1HUNDRED
1hundZia
1HvB4zs627
1Iacobus
1Icoxmzz
1IhNFt3716
1Ilikego
1Iloveyo
1Iltwas2
1im89Bru
!1Influe
1$Ingenieur
1inKVxI137
1.Internet
1IoDhk09
1IOXin88
1ISorzE654
1iwiI3h7
1J9c9S91
1Jabrene$
1Jacklucy
1Jackmei
1Jaguars
1jenomEST
1JessDog1
1JESSEE1
1jhmHOL2
1Jodenster
1John323
1JOHNCAN
1Johnson3085
1joyisSJ
